<?xml version="1.0" encoding="UTF-8"?>
<!-- Generated by org.testng.reporters.JUnitXMLReporter -->
<testsuite hostname="EPRURYAW0058" name="Yandex test" tests="7" failures="0" timestamp="4 Aug 2016 10:01:07 GMT" time="48.802" errors="0">
  <testcase name="testLogonYandex" time="1.685" classname="com.epam.elena_stepuro.framework.reporting.run_tests.test.YandexTest"/>
  <testcase name="testWriteSaveLetter" time="10.921" classname="com.epam.elena_stepuro.framework.reporting.run_tests.test.YandexTest"/>
  <testcase name="testWriteSaveLetter" time="10.087" classname="com.epam.elena_stepuro.framework.reporting.run_tests.test.YandexTest"/>
  <testcase name="testCheckDrafts" time="9.158" classname="com.epam.elena_stepuro.framework.reporting.run_tests.test.YandexTest"/>
  <testcase name="testCheckDrafts" time="9.828" classname="com.epam.elena_stepuro.framework.reporting.run_tests.test.YandexTest"/>
  <testcase name="testClearDrafts" time="1.088" classname="com.epam.elena_stepuro.framework.reporting.run_tests.test.YandexTest"/>
  <testcase name="testClearSendLetters" time="4.753" classname="com.epam.elena_stepuro.framework.reporting.run_tests.test.YandexTest"/>
</testsuite> <!-- Yandex test -->
